<?xml version="1.0" encoding="UTF-8"?>
<testsuite name="test.basics" tests="1" skipped="0" failures="0" errors="0" timestamp="2018-08-09T01:37:37" hostname="CNnxian.local" time="19.424">
  <properties/>
  <testcase name="test" classname="test.basics" time="19.424"/>
  <system-out><![CDATA[]]></system-out>
  <system-err><![CDATA[log4j:WARN No appenders could be found for logger (org.apache.http.client.protocol.RequestAddCookies).
log4j:WARN Please initialize the log4j system properly.
log4j:WARN See http://logging.apache.org/log4j/1.2/faq.html#noconfig for more info.
]]></system-err>
</testsuite>
